This is pdfTeX, Version 3.141592653-2.6-1.40.24 (TeX Live 2022) (preloaded format=pdflatex 2022.10.6)  8 OCT 2022 19:56
entering extended mode
 restricted \write18 enabled.
 %&-line parsing enabled.
**C:/Users/t169/Documents/Docencia/Curso-de-R/Tidyverse_base/header_pagenrs_complet.tex
(c:/Users/t169/Documents/Docencia/Curso-de-R/Tidyverse_base/header_pagenrs_complet.tex
LaTeX2e <2022-06-01> patch level 5
L3 programming layer <2022-09-28>

! LaTeX Error: \usepackage before \documentclass.

See the LaTeX manual or LaTeX Companion for explanation.
Type  H <return>  for immediate help.
 ...                                              
                                                  
l.6 \usepackage{
                amsmath,color,array,booktabs,algorithm2e} 
Here is how much of TeX's memory you used:
 19 strings out of 477013
 819 string characters out of 5825789
 335595 words of memory out of 5000000
 21272 multiletter control sequences out of 15000+600000
 469259 words of font info for 28 fonts, out of 8000000 for 9000
 14 hyphenation exceptions out of 8191
 13i,0n,12p,141b,14s stack positions out of 10000i,1000n,20000p,200000b,200000s

!  ==> Fatal error occurred, no output PDF file produced!
